-----------------------------------
Date: 3.9.2019
Time: 10:29:15
Method: GET
URL: /api/info-types/
User agent: PostmanRuntime/7.18.0
-----------------------------------
-----------------------------------
Date: 6.10.2019
Time: 23:33:11
Method: POST
URL: /login
User agent: PostmanRuntime/7.19.0
-----------------------------------
-----------------------------------
Date: 0.10.2019
Time: 11:27:42
Method: POST
URL: /login
User agent: PostmanRuntime/7.19.0
-----------------------------------
-----------------------------------
Date: 0.10.2019
Time: 11:28:22
Method: POST
URL: /register
User agent: PostmanRuntime/7.19.0
-----------------------------------
-----------------------------------
Date: 0.10.2019
Time: 11:28:34
Method: GET
URL: /robots.txt
User agent: Mozilla/5.0 (Windows NT 10.0; Win64; x64) AppleWebKit/537.36 (KHTML, like Gecko) Chrome/77.0.3865.120 Safari/537.36
-----------------------------------
-----------------------------------
Date: 0.10.2019
Time: 11:28:34
Method: GET
URL: /
User agent: Mozilla/5.0 (Windows NT 10.0; Win64; x64) AppleWebKit/537.36 (KHTML, like Gecko) Chrome/77.0.3865.120 Safari/537.36
-----------------------------------
-----------------------------------
Date: 0.10.2019
Time: 11:28:35
Method: GET
URL: /favicon.ico
User agent: Mozilla/5.0 (Windows NT 10.0; Win64; x64) AppleWebKit/537.36 (KHTML, like Gecko) Chrome/77.0.3865.120 Safari/537.36
-----------------------------------
-----------------------------------
Date: 0.10.2019
Time: 11:28:40
Method: GET
URL: /login
User agent: Mozilla/5.0 (Windows NT 10.0; Win64; x64) AppleWebKit/537.36 (KHTML, like Gecko) Chrome/77.0.3865.120 Safari/537.36
-----------------------------------
-----------------------------------
Date: 0.10.2019
Time: 11:28:40
Method: GET
URL: /favicon.ico
User agent: Mozilla/5.0 (Windows NT 10.0; Win64; x64) AppleWebKit/537.36 (KHTML, like Gecko) Chrome/77.0.3865.120 Safari/537.36
-----------------------------------
-----------------------------------
Date: 0.10.2019
Time: 11:28:46
Method: GET
URL: /api/user
User agent: Mozilla/5.0 (Windows NT 10.0; Win64; x64) AppleWebKit/537.36 (KHTML, like Gecko) Chrome/77.0.3865.120 Safari/537.36
-----------------------------------
-----------------------------------
Date: 0.10.2019
Time: 11:28:46
Method: GET
URL: /favicon.ico
User agent: Mozilla/5.0 (Windows NT 10.0; Win64; x64) AppleWebKit/537.36 (KHTML, like Gecko) Chrome/77.0.3865.120 Safari/537.36
-----------------------------------
-----------------------------------
Date: 0.10.2019
Time: 11:36:27
Method: POST
URL: /login
User agent: PostmanRuntime/7.19.0
-----------------------------------
-----------------------------------
Date: 0.10.2019
Time: 11:45:12
Method: POST
URL: /login
User agent: PostmanRuntime/7.19.0
-----------------------------------
-----------------------------------
Date: 0.10.2019
Time: 11:46:36
Method: POST
URL: /login
User agent: PostmanRuntime/7.19.0
-----------------------------------
-----------------------------------
Date: 0.10.2019
Time: 12:4:21
Method: OPTIONS
URL: /login
User agent: Mozilla/5.0 (Windows NT 10.0; Win64; x64) AppleWebKit/537.36 (KHTML, like Gecko) Chrome/77.0.3865.120 Safari/537.36
-----------------------------------
-----------------------------------
Date: 0.10.2019
Time: 12:4:21
Method: POST
URL: /login
User agent: Mozilla/5.0 (Windows NT 10.0; Win64; x64) AppleWebKit/537.36 (KHTML, like Gecko) Chrome/77.0.3865.120 Safari/537.36
-----------------------------------
-----------------------------------
Date: 0.10.2019
Time: 12:14:34
Method: OPTIONS
URL: /login
User agent: Mozilla/5.0 (Windows NT 10.0; Win64; x64) AppleWebKit/537.36 (KHTML, like Gecko) Chrome/77.0.3865.120 Safari/537.36
-----------------------------------
-----------------------------------
Date: 0.10.2019
Time: 12:14:34
Method: POST
URL: /login
User agent: Mozilla/5.0 (Windows NT 10.0; Win64; x64) AppleWebKit/537.36 (KHTML, like Gecko) Chrome/77.0.3865.120 Safari/537.36
-----------------------------------
-----------------------------------
Date: 0.10.2019
Time: 12:18:11
Method: OPTIONS
URL: /login
User agent: Mozilla/5.0 (Windows NT 10.0; Win64; x64) AppleWebKit/537.36 (KHTML, like Gecko) Chrome/77.0.3865.120 Safari/537.36
-----------------------------------
-----------------------------------
Date: 0.10.2019
Time: 12:18:11
Method: POST
URL: /login
User agent: Mozilla/5.0 (Windows NT 10.0; Win64; x64) AppleWebKit/537.36 (KHTML, like Gecko) Chrome/77.0.3865.120 Safari/537.36
-----------------------------------
-----------------------------------
Date: 0.10.2019
Time: 12:18:20
Method: POST
URL: /login
User agent: PostmanRuntime/7.19.0
-----------------------------------
-----------------------------------
Date: 0.10.2019
Time: 12:19:26
Method: POST
URL: /login
User agent: PostmanRuntime/7.19.0
-----------------------------------
-----------------------------------
Date: 0.10.2019
Time: 12:20:9
Method: POST
URL: /login
User agent: PostmanRuntime/7.19.0
-----------------------------------
-----------------------------------
Date: 0.10.2019
Time: 12:23:48
Method: POST
URL: /login
User agent: PostmanRuntime/7.19.0
-----------------------------------
-----------------------------------
Date: 0.10.2019
Time: 12:24:42
Method: POST
URL: /login
User agent: PostmanRuntime/7.19.0
-----------------------------------
-----------------------------------
Date: 0.10.2019
Time: 12:25:46
Method: POST
URL: /login
User agent: PostmanRuntime/7.19.0
-----------------------------------
-----------------------------------
Date: 0.10.2019
Time: 12:26:4
Method: POST
URL: /login
User agent: PostmanRuntime/7.19.0
-----------------------------------
-----------------------------------
Date: 0.10.2019
Time: 12:26:11
Method: OPTIONS
URL: /login
User agent: Mozilla/5.0 (Windows NT 10.0; Win64; x64) AppleWebKit/537.36 (KHTML, like Gecko) Chrome/77.0.3865.120 Safari/537.36
-----------------------------------
-----------------------------------
Date: 0.10.2019
Time: 12:26:11
Method: POST
URL: /login
User agent: Mozilla/5.0 (Windows NT 10.0; Win64; x64) AppleWebKit/537.36 (KHTML, like Gecko) Chrome/77.0.3865.120 Safari/537.36
-----------------------------------
-----------------------------------
Date: 0.10.2019
Time: 12:56:37
Method: OPTIONS
URL: /login
User agent: Mozilla/5.0 (Windows NT 10.0; Win64; x64) AppleWebKit/537.36 (KHTML, like Gecko) Chrome/77.0.3865.120 Safari/537.36
-----------------------------------
-----------------------------------
Date: 0.10.2019
Time: 12:56:37
Method: POST
URL: /login
User agent: Mozilla/5.0 (Windows NT 10.0; Win64; x64) AppleWebKit/537.36 (KHTML, like Gecko) Chrome/77.0.3865.120 Safari/537.36
-----------------------------------
-----------------------------------
Date: 0.10.2019
Time: 12:58:2
Method: OPTIONS
URL: /login
User agent: Mozilla/5.0 (Windows NT 10.0; Win64; x64) AppleWebKit/537.36 (KHTML, like Gecko) Chrome/77.0.3865.120 Safari/537.36
-----------------------------------
-----------------------------------
Date: 0.10.2019
Time: 12:58:2
Method: POST
URL: /login
User agent: Mozilla/5.0 (Windows NT 10.0; Win64; x64) AppleWebKit/537.36 (KHTML, like Gecko) Chrome/77.0.3865.120 Safari/537.36
-----------------------------------
-----------------------------------
Date: 0.10.2019
Time: 12:58:4
Method: POST
URL: /login
User agent: Mozilla/5.0 (Windows NT 10.0; Win64; x64) AppleWebKit/537.36 (KHTML, like Gecko) Chrome/77.0.3865.120 Safari/537.36
-----------------------------------
-----------------------------------
Date: 0.10.2019
Time: 12:59:31
Method: OPTIONS
URL: /login
User agent: Mozilla/5.0 (Windows NT 10.0; Win64; x64) AppleWebKit/537.36 (KHTML, like Gecko) Chrome/77.0.3865.120 Safari/537.36
-----------------------------------
-----------------------------------
Date: 0.10.2019
Time: 12:59:31
Method: POST
URL: /login
User agent: Mozilla/5.0 (Windows NT 10.0; Win64; x64) AppleWebKit/537.36 (KHTML, like Gecko) Chrome/77.0.3865.120 Safari/537.36
-----------------------------------
-----------------------------------
Date: 0.10.2019
Time: 12:59:32
Method: POST
URL: /login
User agent: Mozilla/5.0 (Windows NT 10.0; Win64; x64) AppleWebKit/537.36 (KHTML, like Gecko) Chrome/77.0.3865.120 Safari/537.36
-----------------------------------
-----------------------------------
Date: 0.10.2019
Time: 12:59:32
Method: POST
URL: /login
User agent: Mozilla/5.0 (Windows NT 10.0; Win64; x64) AppleWebKit/537.36 (KHTML, like Gecko) Chrome/77.0.3865.120 Safari/537.36
-----------------------------------
-----------------------------------
Date: 0.10.2019
Time: 12:59:32
Method: POST
URL: /login
User agent: Mozilla/5.0 (Windows NT 10.0; Win64; x64) AppleWebKit/537.36 (KHTML, like Gecko) Chrome/77.0.3865.120 Safari/537.36
-----------------------------------
-----------------------------------
Date: 0.10.2019
Time: 12:59:32
Method: POST
URL: /login
User agent: Mozilla/5.0 (Windows NT 10.0; Win64; x64) AppleWebKit/537.36 (KHTML, like Gecko) Chrome/77.0.3865.120 Safari/537.36
-----------------------------------
-----------------------------------
Date: 0.10.2019
Time: 12:59:33
Method: POST
URL: /login
User agent: Mozilla/5.0 (Windows NT 10.0; Win64; x64) AppleWebKit/537.36 (KHTML, like Gecko) Chrome/77.0.3865.120 Safari/537.36
-----------------------------------
-----------------------------------
Date: 0.10.2019
Time: 12:59:33
Method: POST
URL: /login
User agent: Mozilla/5.0 (Windows NT 10.0; Win64; x64) AppleWebKit/537.36 (KHTML, like Gecko) Chrome/77.0.3865.120 Safari/537.36
-----------------------------------
-----------------------------------
Date: 0.10.2019
Time: 12:59:33
Method: POST
URL: /login
User agent: Mozilla/5.0 (Windows NT 10.0; Win64; x64) AppleWebKit/537.36 (KHTML, like Gecko) Chrome/77.0.3865.120 Safari/537.36
-----------------------------------
-----------------------------------
Date: 0.10.2019
Time: 12:59:33
Method: POST
URL: /login
User agent: Mozilla/5.0 (Windows NT 10.0; Win64; x64) AppleWebKit/537.36 (KHTML, like Gecko) Chrome/77.0.3865.120 Safari/537.36
-----------------------------------
-----------------------------------
Date: 0.10.2019
Time: 12:59:33
Method: POST
URL: /login
User agent: Mozilla/5.0 (Windows NT 10.0; Win64; x64) AppleWebKit/537.36 (KHTML, like Gecko) Chrome/77.0.3865.120 Safari/537.36
-----------------------------------
-----------------------------------
Date: 2.10.2019
Time: 20:58:45
Method: OPTIONS
URL: /login
User agent: Mozilla/5.0 (Windows NT 10.0; Win64; x64) AppleWebKit/537.36 (KHTML, like Gecko) Chrome/77.0.3865.120 Safari/537.36
-----------------------------------
-----------------------------------
Date: 2.10.2019
Time: 20:58:45
Method: POST
URL: /login
User agent: Mozilla/5.0 (Windows NT 10.0; Win64; x64) AppleWebKit/537.36 (KHTML, like Gecko) Chrome/77.0.3865.120 Safari/537.36
-----------------------------------
-----------------------------------
Date: 2.10.2019
Time: 21:0:34
Method: OPTIONS
URL: /login
User agent: Mozilla/5.0 (Windows NT 10.0; Win64; x64) AppleWebKit/537.36 (KHTML, like Gecko) Chrome/77.0.3865.120 Safari/537.36
-----------------------------------
-----------------------------------
Date: 2.10.2019
Time: 21:0:34
Method: POST
URL: /login
User agent: Mozilla/5.0 (Windows NT 10.0; Win64; x64) AppleWebKit/537.36 (KHTML, like Gecko) Chrome/77.0.3865.120 Safari/537.36
-----------------------------------
-----------------------------------
Date: 2.10.2019
Time: 21:1:27
Method: OPTIONS
URL: /login
User agent: Mozilla/5.0 (Windows NT 10.0; Win64; x64) AppleWebKit/537.36 (KHTML, like Gecko) Chrome/77.0.3865.120 Safari/537.36
-----------------------------------
-----------------------------------
Date: 2.10.2019
Time: 21:1:27
Method: POST
URL: /login
User agent: Mozilla/5.0 (Windows NT 10.0; Win64; x64) AppleWebKit/537.36 (KHTML, like Gecko) Chrome/77.0.3865.120 Safari/537.36
-----------------------------------
-----------------------------------
Date: 2.10.2019
Time: 21:1:32
Method: OPTIONS
URL: /login
User agent: Mozilla/5.0 (Windows NT 10.0; Win64; x64) AppleWebKit/537.36 (KHTML, like Gecko) Chrome/77.0.3865.120 Safari/537.36
-----------------------------------
-----------------------------------
Date: 2.10.2019
Time: 21:1:32
Method: POST
URL: /login
User agent: Mozilla/5.0 (Windows NT 10.0; Win64; x64) AppleWebKit/537.36 (KHTML, like Gecko) Chrome/77.0.3865.120 Safari/537.36
-----------------------------------
-----------------------------------
Date: 2.10.2019
Time: 21:1:49
Method: OPTIONS
URL: /login
User agent: Mozilla/5.0 (Windows NT 10.0; Win64; x64) AppleWebKit/537.36 (KHTML, like Gecko) Chrome/77.0.3865.120 Safari/537.36
-----------------------------------
-----------------------------------
Date: 2.10.2019
Time: 21:1:49
Method: POST
URL: /login
User agent: Mozilla/5.0 (Windows NT 10.0; Win64; x64) AppleWebKit/537.36 (KHTML, like Gecko) Chrome/77.0.3865.120 Safari/537.36
-----------------------------------
-----------------------------------
Date: 2.10.2019
Time: 21:1:53
Method: POST
URL: /login
User agent: Mozilla/5.0 (Windows NT 10.0; Win64; x64) AppleWebKit/537.36 (KHTML, like Gecko) Chrome/77.0.3865.120 Safari/537.36
-----------------------------------
-----------------------------------
Date: 2.10.2019
Time: 21:2:42
Method: OPTIONS
URL: /login
User agent: Mozilla/5.0 (Windows NT 10.0; Win64; x64) AppleWebKit/537.36 (KHTML, like Gecko) Chrome/77.0.3865.120 Safari/537.36
-----------------------------------
-----------------------------------
Date: 2.10.2019
Time: 21:2:42
Method: POST
URL: /login
User agent: Mozilla/5.0 (Windows NT 10.0; Win64; x64) AppleWebKit/537.36 (KHTML, like Gecko) Chrome/77.0.3865.120 Safari/537.36
-----------------------------------
-----------------------------------
Date: 2.10.2019
Time: 21:3:1
Method: OPTIONS
URL: /login
User agent: Mozilla/5.0 (Windows NT 10.0; Win64; x64) AppleWebKit/537.36 (KHTML, like Gecko) Chrome/77.0.3865.120 Safari/537.36
-----------------------------------
-----------------------------------
Date: 2.10.2019
Time: 21:3:1
Method: POST
URL: /login
User agent: Mozilla/5.0 (Windows NT 10.0; Win64; x64) AppleWebKit/537.36 (KHTML, like Gecko) Chrome/77.0.3865.120 Safari/537.36
-----------------------------------
-----------------------------------
Date: 2.10.2019
Time: 21:3:11
Method: OPTIONS
URL: /login
User agent: Mozilla/5.0 (Windows NT 10.0; Win64; x64) AppleWebKit/537.36 (KHTML, like Gecko) Chrome/77.0.3865.120 Safari/537.36
-----------------------------------
-----------------------------------
Date: 2.10.2019
Time: 21:3:11
Method: POST
URL: /login
User agent: Mozilla/5.0 (Windows NT 10.0; Win64; x64) AppleWebKit/537.36 (KHTML, like Gecko) Chrome/77.0.3865.120 Safari/537.36
-----------------------------------
-----------------------------------
Date: 2.10.2019
Time: 21:4:1
Method: OPTIONS
URL: /login
User agent: Mozilla/5.0 (Windows NT 10.0; Win64; x64) AppleWebKit/537.36 (KHTML, like Gecko) Chrome/77.0.3865.120 Safari/537.36
-----------------------------------
-----------------------------------
Date: 2.10.2019
Time: 21:4:1
Method: POST
URL: /login
User agent: Mozilla/5.0 (Windows NT 10.0; Win64; x64) AppleWebKit/537.36 (KHTML, like Gecko) Chrome/77.0.3865.120 Safari/537.36
-----------------------------------
-----------------------------------
Date: 2.10.2019
Time: 21:4:32
Method: OPTIONS
URL: /login
User agent: Mozilla/5.0 (Windows NT 10.0; Win64; x64) AppleWebKit/537.36 (KHTML, like Gecko) Chrome/77.0.3865.120 Safari/537.36
-----------------------------------
-----------------------------------
Date: 2.10.2019
Time: 21:4:32
Method: POST
URL: /login
User agent: Mozilla/5.0 (Windows NT 10.0; Win64; x64) AppleWebKit/537.36 (KHTML, like Gecko) Chrome/77.0.3865.120 Safari/537.36
-----------------------------------
-----------------------------------
Date: 2.10.2019
Time: 21:5:25
Method: OPTIONS
URL: /login
User agent: Mozilla/5.0 (Windows NT 10.0; Win64; x64) AppleWebKit/537.36 (KHTML, like Gecko) Chrome/77.0.3865.120 Safari/537.36
-----------------------------------
-----------------------------------
Date: 2.10.2019
Time: 21:5:25
Method: POST
URL: /login
User agent: Mozilla/5.0 (Windows NT 10.0; Win64; x64) AppleWebKit/537.36 (KHTML, like Gecko) Chrome/77.0.3865.120 Safari/537.36
-----------------------------------
-----------------------------------
Date: 2.10.2019
Time: 21:5:42
Method: OPTIONS
URL: /login
User agent: Mozilla/5.0 (Windows NT 10.0; Win64; x64) AppleWebKit/537.36 (KHTML, like Gecko) Chrome/77.0.3865.120 Safari/537.36
-----------------------------------
-----------------------------------
Date: 2.10.2019
Time: 21:5:42
Method: POST
URL: /login
User agent: Mozilla/5.0 (Windows NT 10.0; Win64; x64) AppleWebKit/537.36 (KHTML, like Gecko) Chrome/77.0.3865.120 Safari/537.36
-----------------------------------
-----------------------------------
Date: 2.10.2019
Time: 21:5:45
Method: POST
URL: /login
User agent: Mozilla/5.0 (Windows NT 10.0; Win64; x64) AppleWebKit/537.36 (KHTML, like Gecko) Chrome/77.0.3865.120 Safari/537.36
-----------------------------------
-----------------------------------
Date: 2.10.2019
Time: 21:6:16
Method: OPTIONS
URL: /login
User agent: Mozilla/5.0 (Windows NT 10.0; Win64; x64) AppleWebKit/537.36 (KHTML, like Gecko) Chrome/77.0.3865.120 Safari/537.36
-----------------------------------
-----------------------------------
Date: 2.10.2019
Time: 21:6:16
Method: POST
URL: /login
User agent: Mozilla/5.0 (Windows NT 10.0; Win64; x64) AppleWebKit/537.36 (KHTML, like Gecko) Chrome/77.0.3865.120 Safari/537.36
-----------------------------------
-----------------------------------
Date: 2.10.2019
Time: 21:6:30
Method: OPTIONS
URL: /login
User agent: Mozilla/5.0 (Windows NT 10.0; Win64; x64) AppleWebKit/537.36 (KHTML, like Gecko) Chrome/77.0.3865.120 Safari/537.36
-----------------------------------
-----------------------------------
Date: 2.10.2019
Time: 21:6:30
Method: POST
URL: /login
User agent: Mozilla/5.0 (Windows NT 10.0; Win64; x64) AppleWebKit/537.36 (KHTML, like Gecko) Chrome/77.0.3865.120 Safari/537.36
-----------------------------------
-----------------------------------
Date: 2.10.2019
Time: 21:7:29
Method: OPTIONS
URL: /login
User agent: Mozilla/5.0 (Windows NT 10.0; Win64; x64) AppleWebKit/537.36 (KHTML, like Gecko) Chrome/77.0.3865.120 Safari/537.36
-----------------------------------
-----------------------------------
Date: 2.10.2019
Time: 21:7:29
Method: POST
URL: /login
User agent: Mozilla/5.0 (Windows NT 10.0; Win64; x64) AppleWebKit/537.36 (KHTML, like Gecko) Chrome/77.0.3865.120 Safari/537.36
-----------------------------------
-----------------------------------
Date: 2.10.2019
Time: 21:7:30
Method: POST
URL: /login
User agent: Mozilla/5.0 (Windows NT 10.0; Win64; x64) AppleWebKit/537.36 (KHTML, like Gecko) Chrome/77.0.3865.120 Safari/537.36
-----------------------------------
-----------------------------------
Date: 2.10.2019
Time: 21:7:31
Method: POST
URL: /login
User agent: Mozilla/5.0 (Windows NT 10.0; Win64; x64) AppleWebKit/537.36 (KHTML, like Gecko) Chrome/77.0.3865.120 Safari/537.36
-----------------------------------
-----------------------------------
Date: 2.10.2019
Time: 21:7:31
Method: POST
URL: /login
User agent: Mozilla/5.0 (Windows NT 10.0; Win64; x64) AppleWebKit/537.36 (KHTML, like Gecko) Chrome/77.0.3865.120 Safari/537.36
-----------------------------------
-----------------------------------
Date: 2.10.2019
Time: 21:7:31
Method: POST
URL: /login
User agent: Mozilla/5.0 (Windows NT 10.0; Win64; x64) AppleWebKit/537.36 (KHTML, like Gecko) Chrome/77.0.3865.120 Safari/537.36
-----------------------------------
-----------------------------------
Date: 2.10.2019
Time: 21:7:31
Method: POST
URL: /login
User agent: Mozilla/5.0 (Windows NT 10.0; Win64; x64) AppleWebKit/537.36 (KHTML, like Gecko) Chrome/77.0.3865.120 Safari/537.36
-----------------------------------
-----------------------------------
Date: 2.10.2019
Time: 21:7:31
Method: POST
URL: /login
User agent: Mozilla/5.0 (Windows NT 10.0; Win64; x64) AppleWebKit/537.36 (KHTML, like Gecko) Chrome/77.0.3865.120 Safari/537.36
-----------------------------------
-----------------------------------
Date: 2.10.2019
Time: 21:7:32
Method: POST
URL: /login
User agent: Mozilla/5.0 (Windows NT 10.0; Win64; x64) AppleWebKit/537.36 (KHTML, like Gecko) Chrome/77.0.3865.120 Safari/537.36
-----------------------------------
-----------------------------------
Date: 2.10.2019
Time: 21:7:32
Method: POST
URL: /login
User agent: Mozilla/5.0 (Windows NT 10.0; Win64; x64) AppleWebKit/537.36 (KHTML, like Gecko) Chrome/77.0.3865.120 Safari/537.36
-----------------------------------
-----------------------------------
Date: 2.10.2019
Time: 21:7:32
Method: POST
URL: /login
User agent: Mozilla/5.0 (Windows NT 10.0; Win64; x64) AppleWebKit/537.36 (KHTML, like Gecko) Chrome/77.0.3865.120 Safari/537.36
-----------------------------------
-----------------------------------
Date: 2.10.2019
Time: 21:7:32
Method: POST
URL: /login
User agent: Mozilla/5.0 (Windows NT 10.0; Win64; x64) AppleWebKit/537.36 (KHTML, like Gecko) Chrome/77.0.3865.120 Safari/537.36
-----------------------------------
-----------------------------------
Date: 2.10.2019
Time: 21:7:32
Method: POST
URL: /login
User agent: Mozilla/5.0 (Windows NT 10.0; Win64; x64) AppleWebKit/537.36 (KHTML, like Gecko) Chrome/77.0.3865.120 Safari/537.36
-----------------------------------
-----------------------------------
Date: 2.10.2019
Time: 21:7:33
Method: POST
URL: /login
User agent: Mozilla/5.0 (Windows NT 10.0; Win64; x64) AppleWebKit/537.36 (KHTML, like Gecko) Chrome/77.0.3865.120 Safari/537.36
-----------------------------------
-----------------------------------
Date: 2.10.2019
Time: 21:7:33
Method: POST
URL: /login
User agent: Mozilla/5.0 (Windows NT 10.0; Win64; x64) AppleWebKit/537.36 (KHTML, like Gecko) Chrome/77.0.3865.120 Safari/537.36
-----------------------------------
-----------------------------------
Date: 2.10.2019
Time: 21:7:33
Method: POST
URL: /login
User agent: Mozilla/5.0 (Windows NT 10.0; Win64; x64) AppleWebKit/537.36 (KHTML, like Gecko) Chrome/77.0.3865.120 Safari/537.36
-----------------------------------
-----------------------------------
Date: 2.10.2019
Time: 21:7:33
Method: POST
URL: /login
User agent: Mozilla/5.0 (Windows NT 10.0; Win64; x64) AppleWebKit/537.36 (KHTML, like Gecko) Chrome/77.0.3865.120 Safari/537.36
-----------------------------------
-----------------------------------
Date: 2.10.2019
Time: 21:7:33
Method: POST
URL: /login
User agent: Mozilla/5.0 (Windows NT 10.0; Win64; x64) AppleWebKit/537.36 (KHTML, like Gecko) Chrome/77.0.3865.120 Safari/537.36
-----------------------------------
-----------------------------------
Date: 2.10.2019
Time: 21:7:33
Method: POST
URL: /login
User agent: Mozilla/5.0 (Windows NT 10.0; Win64; x64) AppleWebKit/537.36 (KHTML, like Gecko) Chrome/77.0.3865.120 Safari/537.36
-----------------------------------
-----------------------------------
Date: 2.10.2019
Time: 21:7:34
Method: POST
URL: /login
User agent: Mozilla/5.0 (Windows NT 10.0; Win64; x64) AppleWebKit/537.36 (KHTML, like Gecko) Chrome/77.0.3865.120 Safari/537.36
-----------------------------------
-----------------------------------
Date: 2.10.2019
Time: 21:7:34
Method: POST
URL: /login
User agent: Mozilla/5.0 (Windows NT 10.0; Win64; x64) AppleWebKit/537.36 (KHTML, like Gecko) Chrome/77.0.3865.120 Safari/537.36
-----------------------------------
-----------------------------------
Date: 2.10.2019
Time: 21:7:34
Method: POST
URL: /login
User agent: Mozilla/5.0 (Windows NT 10.0; Win64; x64) AppleWebKit/537.36 (KHTML, like Gecko) Chrome/77.0.3865.120 Safari/537.36
-----------------------------------
-----------------------------------
Date: 2.10.2019
Time: 21:8:9
Method: OPTIONS
URL: /login
User agent: Mozilla/5.0 (Windows NT 10.0; Win64; x64) AppleWebKit/537.36 (KHTML, like Gecko) Chrome/77.0.3865.120 Safari/537.36
-----------------------------------
-----------------------------------
Date: 2.10.2019
Time: 21:8:9
Method: POST
URL: /login
User agent: Mozilla/5.0 (Windows NT 10.0; Win64; x64) AppleWebKit/537.36 (KHTML, like Gecko) Chrome/77.0.3865.120 Safari/537.36
-----------------------------------
-----------------------------------
Date: 2.10.2019
Time: 21:8:20
Method: OPTIONS
URL: /login
User agent: Mozilla/5.0 (Windows NT 10.0; Win64; x64) AppleWebKit/537.36 (KHTML, like Gecko) Chrome/77.0.3865.120 Safari/537.36
-----------------------------------
-----------------------------------
Date: 2.10.2019
Time: 21:8:20
Method: POST
URL: /login
User agent: Mozilla/5.0 (Windows NT 10.0; Win64; x64) AppleWebKit/537.36 (KHTML, like Gecko) Chrome/77.0.3865.120 Safari/537.36
-----------------------------------
-----------------------------------
Date: 2.10.2019
Time: 21:9:6
Method: OPTIONS
URL: /login
User agent: Mozilla/5.0 (Windows NT 10.0; Win64; x64) AppleWebKit/537.36 (KHTML, like Gecko) Chrome/77.0.3865.120 Safari/537.36
-----------------------------------
-----------------------------------
Date: 2.10.2019
Time: 21:9:6
Method: POST
URL: /login
User agent: Mozilla/5.0 (Windows NT 10.0; Win64; x64) AppleWebKit/537.36 (KHTML, like Gecko) Chrome/77.0.3865.120 Safari/537.36
-----------------------------------
-----------------------------------
Date: 2.10.2019
Time: 21:9:8
Method: POST
URL: /login
User agent: Mozilla/5.0 (Windows NT 10.0; Win64; x64) AppleWebKit/537.36 (KHTML, like Gecko) Chrome/77.0.3865.120 Safari/537.36
-----------------------------------
-----------------------------------
Date: 2.10.2019
Time: 21:9:10
Method: POST
URL: /login
User agent: Mozilla/5.0 (Windows NT 10.0; Win64; x64) AppleWebKit/537.36 (KHTML, like Gecko) Chrome/77.0.3865.120 Safari/537.36
-----------------------------------
-----------------------------------
Date: 2.10.2019
Time: 21:9:10
Method: POST
URL: /login
User agent: Mozilla/5.0 (Windows NT 10.0; Win64; x64) AppleWebKit/537.36 (KHTML, like Gecko) Chrome/77.0.3865.120 Safari/537.36
-----------------------------------
-----------------------------------
Date: 2.10.2019
Time: 21:9:11
Method: POST
URL: /login
User agent: Mozilla/5.0 (Windows NT 10.0; Win64; x64) AppleWebKit/537.36 (KHTML, like Gecko) Chrome/77.0.3865.120 Safari/537.36
-----------------------------------
-----------------------------------
Date: 2.10.2019
Time: 21:9:11
Method: POST
URL: /login
User agent: Mozilla/5.0 (Windows NT 10.0; Win64; x64) AppleWebKit/537.36 (KHTML, like Gecko) Chrome/77.0.3865.120 Safari/537.36
-----------------------------------
-----------------------------------
Date: 2.10.2019
Time: 21:9:11
Method: POST
URL: /login
User agent: Mozilla/5.0 (Windows NT 10.0; Win64; x64) AppleWebKit/537.36 (KHTML, like Gecko) Chrome/77.0.3865.120 Safari/537.36
-----------------------------------
-----------------------------------
Date: 2.10.2019
Time: 21:9:12
Method: OPTIONS
URL: /login
User agent: Mozilla/5.0 (Windows NT 10.0; Win64; x64) AppleWebKit/537.36 (KHTML, like Gecko) Chrome/77.0.3865.120 Safari/537.36
-----------------------------------
-----------------------------------
Date: 2.10.2019
Time: 21:9:12
Method: POST
URL: /login
User agent: Mozilla/5.0 (Windows NT 10.0; Win64; x64) AppleWebKit/537.36 (KHTML, like Gecko) Chrome/77.0.3865.120 Safari/537.36
-----------------------------------
-----------------------------------
Date: 2.10.2019
Time: 21:9:12
Method: POST
URL: /login
User agent: Mozilla/5.0 (Windows NT 10.0; Win64; x64) AppleWebKit/537.36 (KHTML, like Gecko) Chrome/77.0.3865.120 Safari/537.36
-----------------------------------
-----------------------------------
Date: 2.10.2019
Time: 21:9:12
Method: POST
URL: /login
User agent: Mozilla/5.0 (Windows NT 10.0; Win64; x64) AppleWebKit/537.36 (KHTML, like Gecko) Chrome/77.0.3865.120 Safari/537.36
-----------------------------------
-----------------------------------
Date: 2.10.2019
Time: 21:9:12
Method: POST
URL: /login
User agent: Mozilla/5.0 (Windows NT 10.0; Win64; x64) AppleWebKit/537.36 (KHTML, like Gecko) Chrome/77.0.3865.120 Safari/537.36
-----------------------------------
-----------------------------------
Date: 2.10.2019
Time: 21:9:13
Method: POST
URL: /login
User agent: Mozilla/5.0 (Windows NT 10.0; Win64; x64) AppleWebKit/537.36 (KHTML, like Gecko) Chrome/77.0.3865.120 Safari/537.36
-----------------------------------
-----------------------------------
Date: 2.10.2019
Time: 21:9:13
Method: POST
URL: /login
User agent: Mozilla/5.0 (Windows NT 10.0; Win64; x64) AppleWebKit/537.36 (KHTML, like Gecko) Chrome/77.0.3865.120 Safari/537.36
-----------------------------------
-----------------------------------
Date: 2.10.2019
Time: 21:9:13
Method: POST
URL: /login
User agent: Mozilla/5.0 (Windows NT 10.0; Win64; x64) AppleWebKit/537.36 (KHTML, like Gecko) Chrome/77.0.3865.120 Safari/537.36
-----------------------------------
-----------------------------------
Date: 2.10.2019
Time: 21:9:13
Method: POST
URL: /login
User agent: Mozilla/5.0 (Windows NT 10.0; Win64; x64) AppleWebKit/537.36 (KHTML, like Gecko) Chrome/77.0.3865.120 Safari/537.36
-----------------------------------
-----------------------------------
Date: 2.10.2019
Time: 21:9:13
Method: POST
URL: /login
User agent: Mozilla/5.0 (Windows NT 10.0; Win64; x64) AppleWebKit/537.36 (KHTML, like Gecko) Chrome/77.0.3865.120 Safari/537.36
-----------------------------------
-----------------------------------
Date: 2.10.2019
Time: 21:9:13
Method: POST
URL: /login
User agent: Mozilla/5.0 (Windows NT 10.0; Win64; x64) AppleWebKit/537.36 (KHTML, like Gecko) Chrome/77.0.3865.120 Safari/537.36
-----------------------------------
-----------------------------------
Date: 2.10.2019
Time: 21:9:14
Method: POST
URL: /login
User agent: Mozilla/5.0 (Windows NT 10.0; Win64; x64) AppleWebKit/537.36 (KHTML, like Gecko) Chrome/77.0.3865.120 Safari/537.36
-----------------------------------
-----------------------------------
Date: 2.10.2019
Time: 21:9:14
Method: POST
URL: /login
User agent: Mozilla/5.0 (Windows NT 10.0; Win64; x64) AppleWebKit/537.36 (KHTML, like Gecko) Chrome/77.0.3865.120 Safari/537.36
-----------------------------------
-----------------------------------
Date: 2.10.2019
Time: 21:9:14
Method: POST
URL: /login
User agent: Mozilla/5.0 (Windows NT 10.0; Win64; x64) AppleWebKit/537.36 (KHTML, like Gecko) Chrome/77.0.3865.120 Safari/537.36
-----------------------------------
-----------------------------------
Date: 2.10.2019
Time: 21:9:14
Method: POST
URL: /login
User agent: Mozilla/5.0 (Windows NT 10.0; Win64; x64) AppleWebKit/537.36 (KHTML, like Gecko) Chrome/77.0.3865.120 Safari/537.36
-----------------------------------
-----------------------------------
Date: 2.10.2019
Time: 21:9:34
Method: OPTIONS
URL: /login
User agent: Mozilla/5.0 (Windows NT 10.0; Win64; x64) AppleWebKit/537.36 (KHTML, like Gecko) Chrome/77.0.3865.120 Safari/537.36
-----------------------------------
-----------------------------------
Date: 2.10.2019
Time: 21:9:34
Method: POST
URL: /login
User agent: Mozilla/5.0 (Windows NT 10.0; Win64; x64) AppleWebKit/537.36 (KHTML, like Gecko) Chrome/77.0.3865.120 Safari/537.36
-----------------------------------
-----------------------------------
Date: 2.10.2019
Time: 21:9:35
Method: POST
URL: /login
User agent: Mozilla/5.0 (Windows NT 10.0; Win64; x64) AppleWebKit/537.36 (KHTML, like Gecko) Chrome/77.0.3865.120 Safari/537.36
-----------------------------------
-----------------------------------
Date: 2.10.2019
Time: 21:9:35
Method: POST
URL: /login
User agent: Mozilla/5.0 (Windows NT 10.0; Win64; x64) AppleWebKit/537.36 (KHTML, like Gecko) Chrome/77.0.3865.120 Safari/537.36
-----------------------------------
-----------------------------------
Date: 2.10.2019
Time: 21:9:35
Method: POST
URL: /login
User agent: Mozilla/5.0 (Windows NT 10.0; Win64; x64) AppleWebKit/537.36 (KHTML, like Gecko) Chrome/77.0.3865.120 Safari/537.36
-----------------------------------
-----------------------------------
Date: 2.10.2019
Time: 21:9:36
Method: POST
URL: /login
User agent: Mozilla/5.0 (Windows NT 10.0; Win64; x64) AppleWebKit/537.36 (KHTML, like Gecko) Chrome/77.0.3865.120 Safari/537.36
-----------------------------------
-----------------------------------
Date: 2.10.2019
Time: 21:9:36
Method: POST
URL: /login
User agent: Mozilla/5.0 (Windows NT 10.0; Win64; x64) AppleWebKit/537.36 (KHTML, like Gecko) Chrome/77.0.3865.120 Safari/537.36
-----------------------------------
-----------------------------------
Date: 2.10.2019
Time: 21:9:36
Method: POST
URL: /login
User agent: Mozilla/5.0 (Windows NT 10.0; Win64; x64) AppleWebKit/537.36 (KHTML, like Gecko) Chrome/77.0.3865.120 Safari/537.36
-----------------------------------
-----------------------------------
Date: 2.10.2019
Time: 21:9:37
Method: POST
URL: /login
User agent: Mozilla/5.0 (Windows NT 10.0; Win64; x64) AppleWebKit/537.36 (KHTML, like Gecko) Chrome/77.0.3865.120 Safari/537.36
-----------------------------------
-----------------------------------
Date: 2.10.2019
Time: 21:9:37
Method: POST
URL: /login
User agent: Mozilla/5.0 (Windows NT 10.0; Win64; x64) AppleWebKit/537.36 (KHTML, like Gecko) Chrome/77.0.3865.120 Safari/537.36
-----------------------------------
-----------------------------------
Date: 2.10.2019
Time: 21:9:37
Method: POST
URL: /login
User agent: Mozilla/5.0 (Windows NT 10.0; Win64; x64) AppleWebKit/537.36 (KHTML, like Gecko) Chrome/77.0.3865.120 Safari/537.36
-----------------------------------
-----------------------------------
Date: 2.10.2019
Time: 21:9:37
Method: POST
URL: /login
User agent: Mozilla/5.0 (Windows NT 10.0; Win64; x64) AppleWebKit/537.36 (KHTML, like Gecko) Chrome/77.0.3865.120 Safari/537.36
-----------------------------------
-----------------------------------
Date: 2.10.2019
Time: 21:9:38
Method: POST
URL: /login
User agent: Mozilla/5.0 (Windows NT 10.0; Win64; x64) AppleWebKit/537.36 (KHTML, like Gecko) Chrome/77.0.3865.120 Safari/537.36
-----------------------------------
-----------------------------------
Date: 2.10.2019
Time: 21:9:38
Method: POST
URL: /login
User agent: Mozilla/5.0 (Windows NT 10.0; Win64; x64) AppleWebKit/537.36 (KHTML, like Gecko) Chrome/77.0.3865.120 Safari/537.36
-----------------------------------
-----------------------------------
Date: 2.10.2019
Time: 21:9:38
Method: POST
URL: /login
User agent: Mozilla/5.0 (Windows NT 10.0; Win64; x64) AppleWebKit/537.36 (KHTML, like Gecko) Chrome/77.0.3865.120 Safari/537.36
-----------------------------------
-----------------------------------
Date: 2.10.2019
Time: 21:9:38
Method: POST
URL: /login
User agent: Mozilla/5.0 (Windows NT 10.0; Win64; x64) AppleWebKit/537.36 (KHTML, like Gecko) Chrome/77.0.3865.120 Safari/537.36
-----------------------------------
-----------------------------------
Date: 2.10.2019
Time: 21:9:38
Method: POST
URL: /login
User agent: Mozilla/5.0 (Windows NT 10.0; Win64; x64) AppleWebKit/537.36 (KHTML, like Gecko) Chrome/77.0.3865.120 Safari/537.36
-----------------------------------
-----------------------------------
Date: 2.10.2019
Time: 21:9:38
Method: POST
URL: /login
User agent: Mozilla/5.0 (Windows NT 10.0; Win64; x64) AppleWebKit/537.36 (KHTML, like Gecko) Chrome/77.0.3865.120 Safari/537.36
-----------------------------------
-----------------------------------
Date: 2.10.2019
Time: 21:9:39
Method: POST
URL: /login
User agent: Mozilla/5.0 (Windows NT 10.0; Win64; x64) AppleWebKit/537.36 (KHTML, like Gecko) Chrome/77.0.3865.120 Safari/537.36
-----------------------------------
-----------------------------------
Date: 2.10.2019
Time: 21:9:39
Method: POST
URL: /login
User agent: Mozilla/5.0 (Windows NT 10.0; Win64; x64) AppleWebKit/537.36 (KHTML, like Gecko) Chrome/77.0.3865.120 Safari/537.36
-----------------------------------
-----------------------------------
Date: 2.10.2019
Time: 21:9:39
Method: OPTIONS
URL: /login
User agent: Mozilla/5.0 (Windows NT 10.0; Win64; x64) AppleWebKit/537.36 (KHTML, like Gecko) Chrome/77.0.3865.120 Safari/537.36
-----------------------------------
-----------------------------------
Date: 2.10.2019
Time: 21:9:39
Method: POST
URL: /login
User agent: Mozilla/5.0 (Windows NT 10.0; Win64; x64) AppleWebKit/537.36 (KHTML, like Gecko) Chrome/77.0.3865.120 Safari/537.36
-----------------------------------
-----------------------------------
Date: 2.10.2019
Time: 21:9:39
Method: POST
URL: /login
User agent: Mozilla/5.0 (Windows NT 10.0; Win64; x64) AppleWebKit/537.36 (KHTML, like Gecko) Chrome/77.0.3865.120 Safari/537.36
-----------------------------------
-----------------------------------
Date: 2.10.2019
Time: 21:9:39
Method: POST
URL: /login
User agent: Mozilla/5.0 (Windows NT 10.0; Win64; x64) AppleWebKit/537.36 (KHTML, like Gecko) Chrome/77.0.3865.120 Safari/537.36
-----------------------------------
-----------------------------------
Date: 2.10.2019
Time: 21:9:40
Method: POST
URL: /login
User agent: Mozilla/5.0 (Windows NT 10.0; Win64; x64) AppleWebKit/537.36 (KHTML, like Gecko) Chrome/77.0.3865.120 Safari/537.36
-----------------------------------
-----------------------------------
Date: 2.10.2019
Time: 21:9:40
Method: POST
URL: /login
User agent: Mozilla/5.0 (Windows NT 10.0; Win64; x64) AppleWebKit/537.36 (KHTML, like Gecko) Chrome/77.0.3865.120 Safari/537.36
-----------------------------------
-----------------------------------
Date: 2.10.2019
Time: 21:9:40
Method: POST
URL: /login
User agent: Mozilla/5.0 (Windows NT 10.0; Win64; x64) AppleWebKit/537.36 (KHTML, like Gecko) Chrome/77.0.3865.120 Safari/537.36
-----------------------------------
-----------------------------------
Date: 2.10.2019
Time: 21:9:40
Method: POST
URL: /login
User agent: Mozilla/5.0 (Windows NT 10.0; Win64; x64) AppleWebKit/537.36 (KHTML, like Gecko) Chrome/77.0.3865.120 Safari/537.36
-----------------------------------
-----------------------------------
Date: 2.10.2019
Time: 21:9:40
Method: POST
URL: /login
User agent: Mozilla/5.0 (Windows NT 10.0; Win64; x64) AppleWebKit/537.36 (KHTML, like Gecko) Chrome/77.0.3865.120 Safari/537.36
-----------------------------------
-----------------------------------
Date: 2.10.2019
Time: 21:9:41
Method: POST
URL: /login
User agent: Mozilla/5.0 (Windows NT 10.0; Win64; x64) AppleWebKit/537.36 (KHTML, like Gecko) Chrome/77.0.3865.120 Safari/537.36
-----------------------------------
-----------------------------------
Date: 2.10.2019
Time: 21:9:41
Method: POST
URL: /login
User agent: Mozilla/5.0 (Windows NT 10.0; Win64; x64) AppleWebKit/537.36 (KHTML, like Gecko) Chrome/77.0.3865.120 Safari/537.36
-----------------------------------
-----------------------------------
Date: 2.10.2019
Time: 21:9:41
Method: POST
URL: /login
User agent: Mozilla/5.0 (Windows NT 10.0; Win64; x64) AppleWebKit/537.36 (KHTML, like Gecko) Chrome/77.0.3865.120 Safari/537.36
-----------------------------------
-----------------------------------
Date: 2.10.2019
Time: 21:9:41
Method: POST
URL: /login
User agent: Mozilla/5.0 (Windows NT 10.0; Win64; x64) AppleWebKit/537.36 (KHTML, like Gecko) Chrome/77.0.3865.120 Safari/537.36
-----------------------------------
-----------------------------------
Date: 2.10.2019
Time: 21:9:41
Method: POST
URL: /login
User agent: Mozilla/5.0 (Windows NT 10.0; Win64; x64) AppleWebKit/537.36 (KHTML, like Gecko) Chrome/77.0.3865.120 Safari/537.36
-----------------------------------
-----------------------------------
Date: 2.10.2019
Time: 21:9:42
Method: POST
URL: /login
User agent: Mozilla/5.0 (Windows NT 10.0; Win64; x64) AppleWebKit/537.36 (KHTML, like Gecko) Chrome/77.0.3865.120 Safari/537.36
-----------------------------------
-----------------------------------
Date: 2.10.2019
Time: 21:9:42
Method: POST
URL: /login
User agent: Mozilla/5.0 (Windows NT 10.0; Win64; x64) AppleWebKit/537.36 (KHTML, like Gecko) Chrome/77.0.3865.120 Safari/537.36
-----------------------------------
-----------------------------------
Date: 2.10.2019
Time: 21:9:42
Method: POST
URL: /login
User agent: Mozilla/5.0 (Windows NT 10.0; Win64; x64) AppleWebKit/537.36 (KHTML, like Gecko) Chrome/77.0.3865.120 Safari/537.36
-----------------------------------
-----------------------------------
Date: 2.10.2019
Time: 21:9:42
Method: POST
URL: /login
User agent: Mozilla/5.0 (Windows NT 10.0; Win64; x64) AppleWebKit/537.36 (KHTML, like Gecko) Chrome/77.0.3865.120 Safari/537.36
-----------------------------------
-----------------------------------
Date: 2.10.2019
Time: 21:9:42
Method: POST
URL: /login
User agent: Mozilla/5.0 (Windows NT 10.0; Win64; x64) AppleWebKit/537.36 (KHTML, like Gecko) Chrome/77.0.3865.120 Safari/537.36
-----------------------------------
-----------------------------------
Date: 2.10.2019
Time: 21:9:42
Method: POST
URL: /login
User agent: Mozilla/5.0 (Windows NT 10.0; Win64; x64) AppleWebKit/537.36 (KHTML, like Gecko) Chrome/77.0.3865.120 Safari/537.36
-----------------------------------
-----------------------------------
Date: 2.10.2019
Time: 21:9:42
Method: POST
URL: /login
User agent: Mozilla/5.0 (Windows NT 10.0; Win64; x64) AppleWebKit/537.36 (KHTML, like Gecko) Chrome/77.0.3865.120 Safari/537.36
-----------------------------------
-----------------------------------
Date: 2.10.2019
Time: 21:9:43
Method: POST
URL: /login
User agent: Mozilla/5.0 (Windows NT 10.0; Win64; x64) AppleWebKit/537.36 (KHTML, like Gecko) Chrome/77.0.3865.120 Safari/537.36
-----------------------------------
-----------------------------------
Date: 2.10.2019
Time: 21:9:43
Method: POST
URL: /login
User agent: Mozilla/5.0 (Windows NT 10.0; Win64; x64) AppleWebKit/537.36 (KHTML, like Gecko) Chrome/77.0.3865.120 Safari/537.36
-----------------------------------
-----------------------------------
Date: 2.10.2019
Time: 21:9:43
Method: POST
URL: /login
User agent: Mozilla/5.0 (Windows NT 10.0; Win64; x64) AppleWebKit/537.36 (KHTML, like Gecko) Chrome/77.0.3865.120 Safari/537.36
-----------------------------------
-----------------------------------
Date: 2.10.2019
Time: 21:9:43
Method: POST
URL: /login
User agent: Mozilla/5.0 (Windows NT 10.0; Win64; x64) AppleWebKit/537.36 (KHTML, like Gecko) Chrome/77.0.3865.120 Safari/537.36
-----------------------------------
-----------------------------------
Date: 2.10.2019
Time: 21:9:43
Method: POST
URL: /login
User agent: Mozilla/5.0 (Windows NT 10.0; Win64; x64) AppleWebKit/537.36 (KHTML, like Gecko) Chrome/77.0.3865.120 Safari/537.36
-----------------------------------
-----------------------------------
Date: 2.10.2019
Time: 21:9:43
Method: POST
URL: /login
User agent: Mozilla/5.0 (Windows NT 10.0; Win64; x64) AppleWebKit/537.36 (KHTML, like Gecko) Chrome/77.0.3865.120 Safari/537.36
-----------------------------------
-----------------------------------
Date: 2.10.2019
Time: 21:9:43
Method: POST
URL: /login
User agent: Mozilla/5.0 (Windows NT 10.0; Win64; x64) AppleWebKit/537.36 (KHTML, like Gecko) Chrome/77.0.3865.120 Safari/537.36
-----------------------------------
-----------------------------------
Date: 2.10.2019
Time: 21:9:44
Method: POST
URL: /login
User agent: Mozilla/5.0 (Windows NT 10.0; Win64; x64) AppleWebKit/537.36 (KHTML, like Gecko) Chrome/77.0.3865.120 Safari/537.36
-----------------------------------
-----------------------------------
Date: 2.10.2019
Time: 21:9:44
Method: POST
URL: /login
User agent: Mozilla/5.0 (Windows NT 10.0; Win64; x64) AppleWebKit/537.36 (KHTML, like Gecko) Chrome/77.0.3865.120 Safari/537.36
-----------------------------------
-----------------------------------
Date: 2.10.2019
Time: 21:9:44
Method: POST
URL: /login
User agent: Mozilla/5.0 (Windows NT 10.0; Win64; x64) AppleWebKit/537.36 (KHTML, like Gecko) Chrome/77.0.3865.120 Safari/537.36
-----------------------------------
-----------------------------------
Date: 2.10.2019
Time: 21:9:44
Method: POST
URL: /login
User agent: Mozilla/5.0 (Windows NT 10.0; Win64; x64) AppleWebKit/537.36 (KHTML, like Gecko) Chrome/77.0.3865.120 Safari/537.36
-----------------------------------
-----------------------------------
Date: 2.10.2019
Time: 21:9:44
Method: OPTIONS
URL: /login
User agent: Mozilla/5.0 (Windows NT 10.0; Win64; x64) AppleWebKit/537.36 (KHTML, like Gecko) Chrome/77.0.3865.120 Safari/537.36
-----------------------------------
-----------------------------------
Date: 2.10.2019
Time: 21:9:44
Method: POST
URL: /login
User agent: Mozilla/5.0 (Windows NT 10.0; Win64; x64) AppleWebKit/537.36 (KHTML, like Gecko) Chrome/77.0.3865.120 Safari/537.36
-----------------------------------
-----------------------------------
Date: 2.10.2019
Time: 21:10:35
Method: OPTIONS
URL: /login
User agent: Mozilla/5.0 (Windows NT 10.0; Win64; x64) AppleWebKit/537.36 (KHTML, like Gecko) Chrome/77.0.3865.120 Safari/537.36
-----------------------------------
-----------------------------------
Date: 2.10.2019
Time: 21:10:35
Method: POST
URL: /login
User agent: Mozilla/5.0 (Windows NT 10.0; Win64; x64) AppleWebKit/537.36 (KHTML, like Gecko) Chrome/77.0.3865.120 Safari/537.36
-----------------------------------
-----------------------------------
Date: 2.10.2019
Time: 21:10:36
Method: POST
URL: /login
User agent: Mozilla/5.0 (Windows NT 10.0; Win64; x64) AppleWebKit/537.36 (KHTML, like Gecko) Chrome/77.0.3865.120 Safari/537.36
-----------------------------------
-----------------------------------
Date: 2.10.2019
Time: 21:10:36
Method: POST
URL: /login
User agent: Mozilla/5.0 (Windows NT 10.0; Win64; x64) AppleWebKit/537.36 (KHTML, like Gecko) Chrome/77.0.3865.120 Safari/537.36
-----------------------------------
-----------------------------------
Date: 2.10.2019
Time: 21:10:36
Method: POST
URL: /login
User agent: Mozilla/5.0 (Windows NT 10.0; Win64; x64) AppleWebKit/537.36 (KHTML, like Gecko) Chrome/77.0.3865.120 Safari/537.36
-----------------------------------
-----------------------------------
Date: 2.10.2019
Time: 21:10:38
Method: POST
URL: /login
User agent: Mozilla/5.0 (Windows NT 10.0; Win64; x64) AppleWebKit/537.36 (KHTML, like Gecko) Chrome/77.0.3865.120 Safari/537.36
-----------------------------------
-----------------------------------
Date: 2.10.2019
Time: 21:10:39
Method: POST
URL: /login
User agent: Mozilla/5.0 (Windows NT 10.0; Win64; x64) AppleWebKit/537.36 (KHTML, like Gecko) Chrome/77.0.3865.120 Safari/537.36
-----------------------------------
-----------------------------------
Date: 2.10.2019
Time: 21:10:40
Method: OPTIONS
URL: /login
User agent: Mozilla/5.0 (Windows NT 10.0; Win64; x64) AppleWebKit/537.36 (KHTML, like Gecko) Chrome/77.0.3865.120 Safari/537.36
-----------------------------------
-----------------------------------
Date: 2.10.2019
Time: 21:10:40
Method: POST
URL: /login
User agent: Mozilla/5.0 (Windows NT 10.0; Win64; x64) AppleWebKit/537.36 (KHTML, like Gecko) Chrome/77.0.3865.120 Safari/537.36
-----------------------------------
-----------------------------------
Date: 2.10.2019
Time: 21:10:41
Method: POST
URL: /login
User agent: Mozilla/5.0 (Windows NT 10.0; Win64; x64) AppleWebKit/537.36 (KHTML, like Gecko) Chrome/77.0.3865.120 Safari/537.36
-----------------------------------
-----------------------------------
Date: 2.10.2019
Time: 21:10:41
Method: POST
URL: /login
User agent: Mozilla/5.0 (Windows NT 10.0; Win64; x64) AppleWebKit/537.36 (KHTML, like Gecko) Chrome/77.0.3865.120 Safari/537.36
-----------------------------------
-----------------------------------
Date: 2.10.2019
Time: 21:10:41
Method: POST
URL: /login
User agent: Mozilla/5.0 (Windows NT 10.0; Win64; x64) AppleWebKit/537.36 (KHTML, like Gecko) Chrome/77.0.3865.120 Safari/537.36
-----------------------------------
-----------------------------------
Date: 2.10.2019
Time: 21:10:41
Method: POST
URL: /login
User agent: Mozilla/5.0 (Windows NT 10.0; Win64; x64) AppleWebKit/537.36 (KHTML, like Gecko) Chrome/77.0.3865.120 Safari/537.36
-----------------------------------
-----------------------------------
Date: 2.10.2019
Time: 21:10:42
Method: POST
URL: /login
User agent: Mozilla/5.0 (Windows NT 10.0; Win64; x64) AppleWebKit/537.36 (KHTML, like Gecko) Chrome/77.0.3865.120 Safari/537.36
-----------------------------------
-----------------------------------
Date: 2.10.2019
Time: 21:10:42
Method: POST
URL: /login
User agent: Mozilla/5.0 (Windows NT 10.0; Win64; x64) AppleWebKit/537.36 (KHTML, like Gecko) Chrome/77.0.3865.120 Safari/537.36
-----------------------------------
-----------------------------------
Date: 2.10.2019
Time: 21:10:42
Method: POST
URL: /login
User agent: Mozilla/5.0 (Windows NT 10.0; Win64; x64) AppleWebKit/537.36 (KHTML, like Gecko) Chrome/77.0.3865.120 Safari/537.36
-----------------------------------
-----------------------------------
Date: 2.10.2019
Time: 21:10:42
Method: POST
URL: /login
User agent: Mozilla/5.0 (Windows NT 10.0; Win64; x64) AppleWebKit/537.36 (KHTML, like Gecko) Chrome/77.0.3865.120 Safari/537.36
-----------------------------------
-----------------------------------
Date: 2.10.2019
Time: 21:10:42
Method: POST
URL: /login
User agent: Mozilla/5.0 (Windows NT 10.0; Win64; x64) AppleWebKit/537.36 (KHTML, like Gecko) Chrome/77.0.3865.120 Safari/537.36
-----------------------------------
-----------------------------------
Date: 2.10.2019
Time: 21:10:42
Method: POST
URL: /login
User agent: Mozilla/5.0 (Windows NT 10.0; Win64; x64) AppleWebKit/537.36 (KHTML, like Gecko) Chrome/77.0.3865.120 Safari/537.36
-----------------------------------
-----------------------------------
Date: 2.10.2019
Time: 21:10:42
Method: POST
URL: /login
User agent: Mozilla/5.0 (Windows NT 10.0; Win64; x64) AppleWebKit/537.36 (KHTML, like Gecko) Chrome/77.0.3865.120 Safari/537.36
-----------------------------------
-----------------------------------
Date: 2.10.2019
Time: 21:10:42
Method: POST
URL: /login
User agent: Mozilla/5.0 (Windows NT 10.0; Win64; x64) AppleWebKit/537.36 (KHTML, like Gecko) Chrome/77.0.3865.120 Safari/537.36
-----------------------------------
-----------------------------------
Date: 2.10.2019
Time: 21:10:42
Method: POST
URL: /login
User agent: Mozilla/5.0 (Windows NT 10.0; Win64; x64) AppleWebKit/537.36 (KHTML, like Gecko) Chrome/77.0.3865.120 Safari/537.36
-----------------------------------
-----------------------------------
Date: 2.10.2019
Time: 21:10:42
Method: POST
URL: /login
User agent: Mozilla/5.0 (Windows NT 10.0; Win64; x64) AppleWebKit/537.36 (KHTML, like Gecko) Chrome/77.0.3865.120 Safari/537.36
-----------------------------------
-----------------------------------
Date: 2.10.2019
Time: 21:10:42
Method: POST
URL: /login
User agent: Mozilla/5.0 (Windows NT 10.0; Win64; x64) AppleWebKit/537.36 (KHTML, like Gecko) Chrome/77.0.3865.120 Safari/537.36
-----------------------------------
-----------------------------------
Date: 2.10.2019
Time: 21:10:42
Method: POST
URL: /login
User agent: Mozilla/5.0 (Windows NT 10.0; Win64; x64) AppleWebKit/537.36 (KHTML, like Gecko) Chrome/77.0.3865.120 Safari/537.36
-----------------------------------
-----------------------------------
Date: 2.10.2019
Time: 21:10:42
Method: POST
URL: /login
User agent: Mozilla/5.0 (Windows NT 10.0; Win64; x64) AppleWebKit/537.36 (KHTML, like Gecko) Chrome/77.0.3865.120 Safari/537.36
-----------------------------------
-----------------------------------
Date: 2.10.2019
Time: 21:10:42
Method: POST
URL: /login
User agent: Mozilla/5.0 (Windows NT 10.0; Win64; x64) AppleWebKit/537.36 (KHTML, like Gecko) Chrome/77.0.3865.120 Safari/537.36
-----------------------------------
-----------------------------------
Date: 2.10.2019
Time: 21:10:42
Method: POST
URL: /login
User agent: Mozilla/5.0 (Windows NT 10.0; Win64; x64) AppleWebKit/537.36 (KHTML, like Gecko) Chrome/77.0.3865.120 Safari/537.36
-----------------------------------
-----------------------------------
Date: 2.10.2019
Time: 21:10:42
Method: POST
URL: /login
User agent: Mozilla/5.0 (Windows NT 10.0; Win64; x64) AppleWebKit/537.36 (KHTML, like Gecko) Chrome/77.0.3865.120 Safari/537.36
-----------------------------------
-----------------------------------
Date: 2.10.2019
Time: 21:10:42
Method: POST
URL: /login
User agent: Mozilla/5.0 (Windows NT 10.0; Win64; x64) AppleWebKit/537.36 (KHTML, like Gecko) Chrome/77.0.3865.120 Safari/537.36
-----------------------------------
-----------------------------------
Date: 2.10.2019
Time: 21:10:42
Method: POST
URL: /login
User agent: Mozilla/5.0 (Windows NT 10.0; Win64; x64) AppleWebKit/537.36 (KHTML, like Gecko) Chrome/77.0.3865.120 Safari/537.36
-----------------------------------
-----------------------------------
Date: 2.10.2019
Time: 21:10:42
Method: POST
URL: /login
User agent: Mozilla/5.0 (Windows NT 10.0; Win64; x64) AppleWebKit/537.36 (KHTML, like Gecko) Chrome/77.0.3865.120 Safari/537.36
-----------------------------------
-----------------------------------
Date: 2.10.2019
Time: 21:10:42
Method: POST
URL: /login
User agent: Mozilla/5.0 (Windows NT 10.0; Win64; x64) AppleWebKit/537.36 (KHTML, like Gecko) Chrome/77.0.3865.120 Safari/537.36
-----------------------------------
-----------------------------------
Date: 2.10.2019
Time: 21:10:42
Method: POST
URL: /login
User agent: Mozilla/5.0 (Windows NT 10.0; Win64; x64) AppleWebKit/537.36 (KHTML, like Gecko) Chrome/77.0.3865.120 Safari/537.36
-----------------------------------
-----------------------------------
Date: 2.10.2019
Time: 21:10:42
Method: POST
URL: /login
User agent: Mozilla/5.0 (Windows NT 10.0; Win64; x64) AppleWebKit/537.36 (KHTML, like Gecko) Chrome/77.0.3865.120 Safari/537.36
-----------------------------------
-----------------------------------
Date: 2.10.2019
Time: 21:10:42
Method: POST
URL: /login
User agent: Mozilla/5.0 (Windows NT 10.0; Win64; x64) AppleWebKit/537.36 (KHTML, like Gecko) Chrome/77.0.3865.120 Safari/537.36
-----------------------------------
-----------------------------------
Date: 2.10.2019
Time: 21:10:42
Method: POST
URL: /login
User agent: Mozilla/5.0 (Windows NT 10.0; Win64; x64) AppleWebKit/537.36 (KHTML, like Gecko) Chrome/77.0.3865.120 Safari/537.36
-----------------------------------
-----------------------------------
Date: 2.10.2019
Time: 21:10:42
Method: POST
URL: /login
User agent: Mozilla/5.0 (Windows NT 10.0; Win64; x64) AppleWebKit/537.36 (KHTML, like Gecko) Chrome/77.0.3865.120 Safari/537.36
-----------------------------------
-----------------------------------
Date: 2.10.2019
Time: 21:10:43
Method: POST
URL: /login
User agent: Mozilla/5.0 (Windows NT 10.0; Win64; x64) AppleWebKit/537.36 (KHTML, like Gecko) Chrome/77.0.3865.120 Safari/537.36
-----------------------------------
-----------------------------------
Date: 2.10.2019
Time: 21:10:43
Method: POST
URL: /login
User agent: Mozilla/5.0 (Windows NT 10.0; Win64; x64) AppleWebKit/537.36 (KHTML, like Gecko) Chrome/77.0.3865.120 Safari/537.36
-----------------------------------
-----------------------------------
Date: 2.10.2019
Time: 21:10:43
Method: POST
URL: /login
User agent: Mozilla/5.0 (Windows NT 10.0; Win64; x64) AppleWebKit/537.36 (KHTML, like Gecko) Chrome/77.0.3865.120 Safari/537.36
-----------------------------------
-----------------------------------
Date: 2.10.2019
Time: 21:10:43
Method: POST
URL: /login
User agent: Mozilla/5.0 (Windows NT 10.0; Win64; x64) AppleWebKit/537.36 (KHTML, like Gecko) Chrome/77.0.3865.120 Safari/537.36
-----------------------------------
-----------------------------------
Date: 2.10.2019
Time: 21:10:43
Method: POST
URL: /login
User agent: Mozilla/5.0 (Windows NT 10.0; Win64; x64) AppleWebKit/537.36 (KHTML, like Gecko) Chrome/77.0.3865.120 Safari/537.36
-----------------------------------
-----------------------------------
Date: 2.10.2019
Time: 21:10:43
Method: POST
URL: /login
User agent: Mozilla/5.0 (Windows NT 10.0; Win64; x64) AppleWebKit/537.36 (KHTML, like Gecko) Chrome/77.0.3865.120 Safari/537.36
-----------------------------------
-----------------------------------
Date: 2.10.2019
Time: 21:10:43
Method: POST
URL: /login
User agent: Mozilla/5.0 (Windows NT 10.0; Win64; x64) AppleWebKit/537.36 (KHTML, like Gecko) Chrome/77.0.3865.120 Safari/537.36
-----------------------------------
-----------------------------------
Date: 2.10.2019
Time: 21:10:43
Method: POST
URL: /login
User agent: Mozilla/5.0 (Windows NT 10.0; Win64; x64) AppleWebKit/537.36 (KHTML, like Gecko) Chrome/77.0.3865.120 Safari/537.36
-----------------------------------
-----------------------------------
Date: 2.10.2019
Time: 21:10:43
Method: POST
URL: /login
User agent: Mozilla/5.0 (Windows NT 10.0; Win64; x64) AppleWebKit/537.36 (KHTML, like Gecko) Chrome/77.0.3865.120 Safari/537.36
-----------------------------------
-----------------------------------
Date: 2.10.2019
Time: 21:10:43
Method: POST
URL: /login
User agent: Mozilla/5.0 (Windows NT 10.0; Win64; x64) AppleWebKit/537.36 (KHTML, like Gecko) Chrome/77.0.3865.120 Safari/537.36
-----------------------------------
-----------------------------------
Date: 2.10.2019
Time: 21:10:43
Method: POST
URL: /login
User agent: Mozilla/5.0 (Windows NT 10.0; Win64; x64) AppleWebKit/537.36 (KHTML, like Gecko) Chrome/77.0.3865.120 Safari/537.36
-----------------------------------
-----------------------------------
Date: 2.10.2019
Time: 21:10:43
Method: POST
URL: /login
User agent: Mozilla/5.0 (Windows NT 10.0; Win64; x64) AppleWebKit/537.36 (KHTML, like Gecko) Chrome/77.0.3865.120 Safari/537.36
-----------------------------------
-----------------------------------
Date: 2.10.2019
Time: 21:10:43
Method: POST
URL: /login
User agent: Mozilla/5.0 (Windows NT 10.0; Win64; x64) AppleWebKit/537.36 (KHTML, like Gecko) Chrome/77.0.3865.120 Safari/537.36
-----------------------------------
-----------------------------------
Date: 2.10.2019
Time: 21:10:43
Method: POST
URL: /login
User agent: Mozilla/5.0 (Windows NT 10.0; Win64; x64) AppleWebKit/537.36 (KHTML, like Gecko) Chrome/77.0.3865.120 Safari/537.36
-----------------------------------
-----------------------------------
Date: 2.10.2019
Time: 21:10:43
Method: POST
URL: /login
User agent: Mozilla/5.0 (Windows NT 10.0; Win64; x64) AppleWebKit/537.36 (KHTML, like Gecko) Chrome/77.0.3865.120 Safari/537.36
-----------------------------------
-----------------------------------
Date: 2.10.2019
Time: 21:10:43
Method: POST
URL: /login
User agent: Mozilla/5.0 (Windows NT 10.0; Win64; x64) AppleWebKit/537.36 (KHTML, like Gecko) Chrome/77.0.3865.120 Safari/537.36
-----------------------------------
-----------------------------------
Date: 2.10.2019
Time: 21:10:43
Method: POST
URL: /login
User agent: Mozilla/5.0 (Windows NT 10.0; Win64; x64) AppleWebKit/537.36 (KHTML, like Gecko) Chrome/77.0.3865.120 Safari/537.36
-----------------------------------
-----------------------------------
Date: 2.10.2019
Time: 21:10:43
Method: POST
URL: /login
User agent: Mozilla/5.0 (Windows NT 10.0; Win64; x64) AppleWebKit/537.36 (KHTML, like Gecko) Chrome/77.0.3865.120 Safari/537.36
-----------------------------------
-----------------------------------
Date: 2.10.2019
Time: 21:10:43
Method: POST
URL: /login
User agent: Mozilla/5.0 (Windows NT 10.0; Win64; x64) AppleWebKit/537.36 (KHTML, like Gecko) Chrome/77.0.3865.120 Safari/537.36
-----------------------------------
-----------------------------------
Date: 2.10.2019
Time: 21:10:43
Method: POST
URL: /login
User agent: Mozilla/5.0 (Windows NT 10.0; Win64; x64) AppleWebKit/537.36 (KHTML, like Gecko) Chrome/77.0.3865.120 Safari/537.36
-----------------------------------
-----------------------------------
Date: 2.10.2019
Time: 21:10:43
Method: POST
URL: /login
User agent: Mozilla/5.0 (Windows NT 10.0; Win64; x64) AppleWebKit/537.36 (KHTML, like Gecko) Chrome/77.0.3865.120 Safari/537.36
-----------------------------------
-----------------------------------
Date: 2.10.2019
Time: 21:10:43
Method: POST
URL: /login
User agent: Mozilla/5.0 (Windows NT 10.0; Win64; x64) AppleWebKit/537.36 (KHTML, like Gecko) Chrome/77.0.3865.120 Safari/537.36
-----------------------------------
-----------------------------------
Date: 2.10.2019
Time: 21:11:14
Method: OPTIONS
URL: /login
User agent: Mozilla/5.0 (Windows NT 10.0; Win64; x64) AppleWebKit/537.36 (KHTML, like Gecko) Chrome/77.0.3865.120 Safari/537.36
-----------------------------------
-----------------------------------
Date: 2.10.2019
Time: 21:11:14
Method: POST
URL: /login
User agent: Mozilla/5.0 (Windows NT 10.0; Win64; x64) AppleWebKit/537.36 (KHTML, like Gecko) Chrome/77.0.3865.120 Safari/537.36
-----------------------------------
-----------------------------------
Date: 2.10.2019
Time: 21:11:15
Method: POST
URL: /login
User agent: Mozilla/5.0 (Windows NT 10.0; Win64; x64) AppleWebKit/537.36 (KHTML, like Gecko) Chrome/77.0.3865.120 Safari/537.36
-----------------------------------
-----------------------------------
Date: 2.10.2019
Time: 21:11:43
Method: OPTIONS
URL: /login
User agent: Mozilla/5.0 (Windows NT 10.0; Win64; x64) AppleWebKit/537.36 (KHTML, like Gecko) Chrome/77.0.3865.120 Safari/537.36
-----------------------------------
-----------------------------------
Date: 2.10.2019
Time: 21:11:43
Method: POST
URL: /login
User agent: Mozilla/5.0 (Windows NT 10.0; Win64; x64) AppleWebKit/537.36 (KHTML, like Gecko) Chrome/77.0.3865.120 Safari/537.36
-----------------------------------
-----------------------------------
Date: 2.10.2019
Time: 21:11:46
Method: POST
URL: /login
User agent: Mozilla/5.0 (Windows NT 10.0; Win64; x64) AppleWebKit/537.36 (KHTML, like Gecko) Chrome/77.0.3865.120 Safari/537.36
-----------------------------------
-----------------------------------
Date: 2.10.2019
Time: 21:12:22
Method: OPTIONS
URL: /login
User agent: Mozilla/5.0 (Windows NT 10.0; Win64; x64) AppleWebKit/537.36 (KHTML, like Gecko) Chrome/77.0.3865.120 Safari/537.36
-----------------------------------
-----------------------------------
Date: 2.10.2019
Time: 21:12:22
Method: POST
URL: /login
User agent: Mozilla/5.0 (Windows NT 10.0; Win64; x64) AppleWebKit/537.36 (KHTML, like Gecko) Chrome/77.0.3865.120 Safari/537.36
-----------------------------------
-----------------------------------
Date: 2.10.2019
Time: 21:12:52
Method: OPTIONS
URL: /login
User agent: Mozilla/5.0 (Windows NT 10.0; Win64; x64) AppleWebKit/537.36 (KHTML, like Gecko) Chrome/77.0.3865.120 Safari/537.36
-----------------------------------
-----------------------------------
Date: 2.10.2019
Time: 21:12:52
Method: POST
URL: /login
User agent: Mozilla/5.0 (Windows NT 10.0; Win64; x64) AppleWebKit/537.36 (KHTML, like Gecko) Chrome/77.0.3865.120 Safari/537.36
-----------------------------------
-----------------------------------
Date: 2.10.2019
Time: 21:14:16
Method: OPTIONS
URL: /login
User agent: Mozilla/5.0 (Windows NT 10.0; Win64; x64) AppleWebKit/537.36 (KHTML, like Gecko) Chrome/77.0.3865.120 Safari/537.36
-----------------------------------
-----------------------------------
Date: 2.10.2019
Time: 21:14:16
Method: POST
URL: /login
User agent: Mozilla/5.0 (Windows NT 10.0; Win64; x64) AppleWebKit/537.36 (KHTML, like Gecko) Chrome/77.0.3865.120 Safari/537.36
-----------------------------------
-----------------------------------
Date: 2.10.2019
Time: 21:14:59
Method: OPTIONS
URL: /login
User agent: Mozilla/5.0 (Windows NT 10.0; Win64; x64) AppleWebKit/537.36 (KHTML, like Gecko) Chrome/77.0.3865.120 Safari/537.36
-----------------------------------
-----------------------------------
Date: 2.10.2019
Time: 21:14:59
Method: POST
URL: /login
User agent: Mozilla/5.0 (Windows NT 10.0; Win64; x64) AppleWebKit/537.36 (KHTML, like Gecko) Chrome/77.0.3865.120 Safari/537.36
-----------------------------------
-----------------------------------
Date: 2.10.2019
Time: 21:15:24
Method: OPTIONS
URL: /login
User agent: Mozilla/5.0 (Windows NT 10.0; Win64; x64) AppleWebKit/537.36 (KHTML, like Gecko) Chrome/77.0.3865.120 Safari/537.36
-----------------------------------
-----------------------------------
Date: 2.10.2019
Time: 21:15:24
Method: POST
URL: /login
User agent: Mozilla/5.0 (Windows NT 10.0; Win64; x64) AppleWebKit/537.36 (KHTML, like Gecko) Chrome/77.0.3865.120 Safari/537.36
-----------------------------------
-----------------------------------
Date: 2.10.2019
Time: 21:15:55
Method: OPTIONS
URL: /login
User agent: Mozilla/5.0 (Windows NT 10.0; Win64; x64) AppleWebKit/537.36 (KHTML, like Gecko) Chrome/77.0.3865.120 Safari/537.36
-----------------------------------
-----------------------------------
Date: 2.10.2019
Time: 21:15:55
Method: POST
URL: /login
User agent: Mozilla/5.0 (Windows NT 10.0; Win64; x64) AppleWebKit/537.36 (KHTML, like Gecko) Chrome/77.0.3865.120 Safari/537.36
-----------------------------------
-----------------------------------
Date: 2.10.2019
Time: 21:17:6
Method: OPTIONS
URL: /login
User agent: Mozilla/5.0 (Windows NT 10.0; Win64; x64) AppleWebKit/537.36 (KHTML, like Gecko) Chrome/77.0.3865.120 Safari/537.36
-----------------------------------
-----------------------------------
Date: 2.10.2019
Time: 21:17:6
Method: POST
URL: /login
User agent: Mozilla/5.0 (Windows NT 10.0; Win64; x64) AppleWebKit/537.36 (KHTML, like Gecko) Chrome/77.0.3865.120 Safari/537.36
-----------------------------------
-----------------------------------
Date: 2.10.2019
Time: 21:17:36
Method: OPTIONS
URL: /login
User agent: Mozilla/5.0 (Windows NT 10.0; Win64; x64) AppleWebKit/537.36 (KHTML, like Gecko) Chrome/77.0.3865.120 Safari/537.36
-----------------------------------
-----------------------------------
Date: 2.10.2019
Time: 21:17:36
Method: POST
URL: /login
User agent: Mozilla/5.0 (Windows NT 10.0; Win64; x64) AppleWebKit/537.36 (KHTML, like Gecko) Chrome/77.0.3865.120 Safari/537.36
-----------------------------------
-----------------------------------
Date: 2.10.2019
Time: 21:18:15
Method: OPTIONS
URL: /login
User agent: Mozilla/5.0 (Windows NT 10.0; Win64; x64) AppleWebKit/537.36 (KHTML, like Gecko) Chrome/77.0.3865.120 Safari/537.36
-----------------------------------
-----------------------------------
Date: 2.10.2019
Time: 21:18:15
Method: POST
URL: /login
User agent: Mozilla/5.0 (Windows NT 10.0; Win64; x64) AppleWebKit/537.36 (KHTML, like Gecko) Chrome/77.0.3865.120 Safari/537.36
-----------------------------------
-----------------------------------
Date: 2.10.2019
Time: 21:18:39
Method: OPTIONS
URL: /login
User agent: Mozilla/5.0 (Windows NT 10.0; Win64; x64) AppleWebKit/537.36 (KHTML, like Gecko) Chrome/77.0.3865.120 Safari/537.36
-----------------------------------
-----------------------------------
Date: 2.10.2019
Time: 21:18:39
Method: POST
URL: /login
User agent: Mozilla/5.0 (Windows NT 10.0; Win64; x64) AppleWebKit/537.36 (KHTML, like Gecko) Chrome/77.0.3865.120 Safari/537.36
-----------------------------------
-----------------------------------
Date: 2.10.2019
Time: 21:18:50
Method: OPTIONS
URL: /login
User agent: Mozilla/5.0 (Windows NT 10.0; Win64; x64) AppleWebKit/537.36 (KHTML, like Gecko) Chrome/77.0.3865.120 Safari/537.36
-----------------------------------
-----------------------------------
Date: 2.10.2019
Time: 21:18:50
Method: POST
URL: /login
User agent: Mozilla/5.0 (Windows NT 10.0; Win64; x64) AppleWebKit/537.36 (KHTML, like Gecko) Chrome/77.0.3865.120 Safari/537.36
-----------------------------------
-----------------------------------
Date: 2.10.2019
Time: 21:19:44
Method: OPTIONS
URL: /login
User agent: Mozilla/5.0 (Windows NT 10.0; Win64; x64) AppleWebKit/537.36 (KHTML, like Gecko) Chrome/77.0.3865.120 Safari/537.36
-----------------------------------
-----------------------------------
Date: 2.10.2019
Time: 21:19:44
Method: POST
URL: /login
User agent: Mozilla/5.0 (Windows NT 10.0; Win64; x64) AppleWebKit/537.36 (KHTML, like Gecko) Chrome/77.0.3865.120 Safari/537.36
-----------------------------------
-----------------------------------
Date: 2.10.2019
Time: 21:20:13
Method: OPTIONS
URL: /login
User agent: Mozilla/5.0 (Windows NT 10.0; Win64; x64) AppleWebKit/537.36 (KHTML, like Gecko) Chrome/77.0.3865.120 Safari/537.36
-----------------------------------
-----------------------------------
Date: 2.10.2019
Time: 21:20:13
Method: POST
URL: /login
User agent: Mozilla/5.0 (Windows NT 10.0; Win64; x64) AppleWebKit/537.36 (KHTML, like Gecko) Chrome/77.0.3865.120 Safari/537.36
-----------------------------------
-----------------------------------
Date: 2.10.2019
Time: 21:26:31
Method: OPTIONS
URL: /login
User agent: Mozilla/5.0 (Windows NT 10.0; Win64; x64) AppleWebKit/537.36 (KHTML, like Gecko) Chrome/77.0.3865.120 Safari/537.36
-----------------------------------
-----------------------------------
Date: 2.10.2019
Time: 21:26:31
Method: POST
URL: /login
User agent: Mozilla/5.0 (Windows NT 10.0; Win64; x64) AppleWebKit/537.36 (KHTML, like Gecko) Chrome/77.0.3865.120 Safari/537.36
-----------------------------------
-----------------------------------
Date: 2.10.2019
Time: 21:27:16
Method: OPTIONS
URL: /login
User agent: Mozilla/5.0 (Windows NT 10.0; Win64; x64) AppleWebKit/537.36 (KHTML, like Gecko) Chrome/77.0.3865.120 Safari/537.36
-----------------------------------
-----------------------------------
Date: 2.10.2019
Time: 21:27:16
Method: POST
URL: /login
User agent: Mozilla/5.0 (Windows NT 10.0; Win64; x64) AppleWebKit/537.36 (KHTML, like Gecko) Chrome/77.0.3865.120 Safari/537.36
-----------------------------------
-----------------------------------
Date: 2.10.2019
Time: 21:27:19
Method: POST
URL: /login
User agent: Mozilla/5.0 (Windows NT 10.0; Win64; x64) AppleWebKit/537.36 (KHTML, like Gecko) Chrome/77.0.3865.120 Safari/537.36
-----------------------------------
-----------------------------------
Date: 2.10.2019
Time: 21:27:27
Method: OPTIONS
URL: /login
User agent: Mozilla/5.0 (Windows NT 10.0; Win64; x64) AppleWebKit/537.36 (KHTML, like Gecko) Chrome/77.0.3865.120 Safari/537.36
-----------------------------------
-----------------------------------
Date: 2.10.2019
Time: 21:27:27
Method: POST
URL: /login
User agent: Mozilla/5.0 (Windows NT 10.0; Win64; x64) AppleWebKit/537.36 (KHTML, like Gecko) Chrome/77.0.3865.120 Safari/537.36
-----------------------------------
-----------------------------------
Date: 2.10.2019
Time: 21:27:29
Method: POST
URL: /login
User agent: Mozilla/5.0 (Windows NT 10.0; Win64; x64) AppleWebKit/537.36 (KHTML, like Gecko) Chrome/77.0.3865.120 Safari/537.36
-----------------------------------
-----------------------------------
Date: 2.10.2019
Time: 21:27:29
Method: POST
URL: /login
User agent: Mozilla/5.0 (Windows NT 10.0; Win64; x64) AppleWebKit/537.36 (KHTML, like Gecko) Chrome/77.0.3865.120 Safari/537.36
-----------------------------------
-----------------------------------
Date: 2.10.2019
Time: 21:27:29
Method: POST
URL: /login
User agent: Mozilla/5.0 (Windows NT 10.0; Win64; x64) AppleWebKit/537.36 (KHTML, like Gecko) Chrome/77.0.3865.120 Safari/537.36
-----------------------------------
-----------------------------------
Date: 2.10.2019
Time: 21:27:29
Method: POST
URL: /login
User agent: Mozilla/5.0 (Windows NT 10.0; Win64; x64) AppleWebKit/537.36 (KHTML, like Gecko) Chrome/77.0.3865.120 Safari/537.36
-----------------------------------
-----------------------------------
Date: 2.10.2019
Time: 21:27:30
Method: POST
URL: /login
User agent: Mozilla/5.0 (Windows NT 10.0; Win64; x64) AppleWebKit/537.36 (KHTML, like Gecko) Chrome/77.0.3865.120 Safari/537.36
-----------------------------------
-----------------------------------
Date: 2.10.2019
Time: 21:27:30
Method: POST
URL: /login
User agent: Mozilla/5.0 (Windows NT 10.0; Win64; x64) AppleWebKit/537.36 (KHTML, like Gecko) Chrome/77.0.3865.120 Safari/537.36
-----------------------------------
-----------------------------------
Date: 2.10.2019
Time: 21:27:30
Method: POST
URL: /login
User agent: Mozilla/5.0 (Windows NT 10.0; Win64; x64) AppleWebKit/537.36 (KHTML, like Gecko) Chrome/77.0.3865.120 Safari/537.36
-----------------------------------
-----------------------------------
Date: 2.10.2019
Time: 21:27:30
Method: POST
URL: /login
User agent: Mozilla/5.0 (Windows NT 10.0; Win64; x64) AppleWebKit/537.36 (KHTML, like Gecko) Chrome/77.0.3865.120 Safari/537.36
-----------------------------------
-----------------------------------
Date: 2.10.2019
Time: 21:27:30
Method: POST
URL: /login
User agent: Mozilla/5.0 (Windows NT 10.0; Win64; x64) AppleWebKit/537.36 (KHTML, like Gecko) Chrome/77.0.3865.120 Safari/537.36
-----------------------------------
-----------------------------------
Date: 2.10.2019
Time: 21:27:30
Method: POST
URL: /login
User agent: Mozilla/5.0 (Windows NT 10.0; Win64; x64) AppleWebKit/537.36 (KHTML, like Gecko) Chrome/77.0.3865.120 Safari/537.36
-----------------------------------
-----------------------------------
Date: 2.10.2019
Time: 21:27:31
Method: POST
URL: /login
User agent: Mozilla/5.0 (Windows NT 10.0; Win64; x64) AppleWebKit/537.36 (KHTML, like Gecko) Chrome/77.0.3865.120 Safari/537.36
-----------------------------------
-----------------------------------
Date: 2.10.2019
Time: 21:27:31
Method: POST
URL: /login
User agent: Mozilla/5.0 (Windows NT 10.0; Win64; x64) AppleWebKit/537.36 (KHTML, like Gecko) Chrome/77.0.3865.120 Safari/537.36
-----------------------------------
-----------------------------------
Date: 2.10.2019
Time: 21:27:47
Method: OPTIONS
URL: /login
User agent: Mozilla/5.0 (Windows NT 10.0; Win64; x64) AppleWebKit/537.36 (KHTML, like Gecko) Chrome/77.0.3865.120 Safari/537.36
-----------------------------------
-----------------------------------
Date: 2.10.2019
Time: 21:27:47
Method: POST
URL: /login
User agent: Mozilla/5.0 (Windows NT 10.0; Win64; x64) AppleWebKit/537.36 (KHTML, like Gecko) Chrome/77.0.3865.120 Safari/537.36
-----------------------------------
-----------------------------------
Date: 2.10.2019
Time: 21:27:48
Method: POST
URL: /login
User agent: Mozilla/5.0 (Windows NT 10.0; Win64; x64) AppleWebKit/537.36 (KHTML, like Gecko) Chrome/77.0.3865.120 Safari/537.36
-----------------------------------
-----------------------------------
Date: 2.10.2019
Time: 21:28:11
Method: OPTIONS
URL: /login
User agent: Mozilla/5.0 (Windows NT 10.0; Win64; x64) AppleWebKit/537.36 (KHTML, like Gecko) Chrome/77.0.3865.120 Safari/537.36
-----------------------------------
-----------------------------------
Date: 2.10.2019
Time: 21:28:11
Method: POST
URL: /login
User agent: Mozilla/5.0 (Windows NT 10.0; Win64; x64) AppleWebKit/537.36 (KHTML, like Gecko) Chrome/77.0.3865.120 Safari/537.36
-----------------------------------
-----------------------------------
Date: 2.10.2019
Time: 21:28:12
Method: POST
URL: /login
User agent: Mozilla/5.0 (Windows NT 10.0; Win64; x64) AppleWebKit/537.36 (KHTML, like Gecko) Chrome/77.0.3865.120 Safari/537.36
-----------------------------------
-----------------------------------
Date: 2.10.2019
Time: 21:28:12
Method: POST
URL: /login
User agent: Mozilla/5.0 (Windows NT 10.0; Win64; x64) AppleWebKit/537.36 (KHTML, like Gecko) Chrome/77.0.3865.120 Safari/537.36
-----------------------------------
-----------------------------------
Date: 2.10.2019
Time: 21:28:13
Method: POST
URL: /login
User agent: Mozilla/5.0 (Windows NT 10.0; Win64; x64) AppleWebKit/537.36 (KHTML, like Gecko) Chrome/77.0.3865.120 Safari/537.36
-----------------------------------
-----------------------------------
Date: 2.10.2019
Time: 21:28:13
Method: POST
URL: /login
User agent: Mozilla/5.0 (Windows NT 10.0; Win64; x64) AppleWebKit/537.36 (KHTML, like Gecko) Chrome/77.0.3865.120 Safari/537.36
-----------------------------------
-----------------------------------
Date: 2.10.2019
Time: 21:28:13
Method: POST
URL: /login
User agent: Mozilla/5.0 (Windows NT 10.0; Win64; x64) AppleWebKit/537.36 (KHTML, like Gecko) Chrome/77.0.3865.120 Safari/537.36
-----------------------------------
-----------------------------------
Date: 2.10.2019
Time: 21:28:41
Method: OPTIONS
URL: /login
User agent: Mozilla/5.0 (Windows NT 10.0; Win64; x64) AppleWebKit/537.36 (KHTML, like Gecko) Chrome/77.0.3865.120 Safari/537.36
-----------------------------------
-----------------------------------
Date: 2.10.2019
Time: 21:28:41
Method: POST
URL: /login
User agent: Mozilla/5.0 (Windows NT 10.0; Win64; x64) AppleWebKit/537.36 (KHTML, like Gecko) Chrome/77.0.3865.120 Safari/537.36
-----------------------------------
-----------------------------------
Date: 2.10.2019
Time: 21:29:6
Method: OPTIONS
URL: /login
User agent: Mozilla/5.0 (Windows NT 10.0; Win64; x64) AppleWebKit/537.36 (KHTML, like Gecko) Chrome/77.0.3865.120 Safari/537.36
-----------------------------------
-----------------------------------
Date: 2.10.2019
Time: 21:29:6
Method: POST
URL: /login
User agent: Mozilla/5.0 (Windows NT 10.0; Win64; x64) AppleWebKit/537.36 (KHTML, like Gecko) Chrome/77.0.3865.120 Safari/537.36
-----------------------------------
-----------------------------------
Date: 2.10.2019
Time: 21:29:18
Method: OPTIONS
URL: /login
User agent: Mozilla/5.0 (Windows NT 10.0; Win64; x64) AppleWebKit/537.36 (KHTML, like Gecko) Chrome/77.0.3865.120 Safari/537.36
-----------------------------------
-----------------------------------
Date: 2.10.2019
Time: 21:29:18
Method: POST
URL: /login
User agent: Mozilla/5.0 (Windows NT 10.0; Win64; x64) AppleWebKit/537.36 (KHTML, like Gecko) Chrome/77.0.3865.120 Safari/537.36
-----------------------------------
-----------------------------------
Date: 2.10.2019
Time: 21:30:57
Method: OPTIONS
URL: /login
User agent: Mozilla/5.0 (Windows NT 10.0; Win64; x64) AppleWebKit/537.36 (KHTML, like Gecko) Chrome/77.0.3865.120 Safari/537.36
-----------------------------------
-----------------------------------
Date: 2.10.2019
Time: 21:30:57
Method: POST
URL: /login
User agent: Mozilla/5.0 (Windows NT 10.0; Win64; x64) AppleWebKit/537.36 (KHTML, like Gecko) Chrome/77.0.3865.120 Safari/537.36
-----------------------------------
-----------------------------------
Date: 2.10.2019
Time: 21:32:30
Method: OPTIONS
URL: /login
User agent: Mozilla/5.0 (Windows NT 10.0; Win64; x64) AppleWebKit/537.36 (KHTML, like Gecko) Chrome/77.0.3865.120 Safari/537.36
-----------------------------------
-----------------------------------
Date: 2.10.2019
Time: 21:32:30
Method: POST
URL: /login
User agent: Mozilla/5.0 (Windows NT 10.0; Win64; x64) AppleWebKit/537.36 (KHTML, like Gecko) Chrome/77.0.3865.120 Safari/537.36
-----------------------------------
-----------------------------------
Date: 2.10.2019
Time: 21:34:32
Method: OPTIONS
URL: /login
User agent: Mozilla/5.0 (Windows NT 10.0; Win64; x64) AppleWebKit/537.36 (KHTML, like Gecko) Chrome/77.0.3865.120 Safari/537.36
-----------------------------------
-----------------------------------
Date: 2.10.2019
Time: 21:34:32
Method: POST
URL: /login
User agent: Mozilla/5.0 (Windows NT 10.0; Win64; x64) AppleWebKit/537.36 (KHTML, like Gecko) Chrome/77.0.3865.120 Safari/537.36
-----------------------------------
-----------------------------------
Date: 2.10.2019
Time: 21:34:36
Method: POST
URL: /login
User agent: Mozilla/5.0 (Windows NT 10.0; Win64; x64) AppleWebKit/537.36 (KHTML, like Gecko) Chrome/77.0.3865.120 Safari/537.36
-----------------------------------
-----------------------------------
Date: 2.10.2019
Time: 21:34:36
Method: POST
URL: /login
User agent: Mozilla/5.0 (Windows NT 10.0; Win64; x64) AppleWebKit/537.36 (KHTML, like Gecko) Chrome/77.0.3865.120 Safari/537.36
-----------------------------------
-----------------------------------
Date: 2.10.2019
Time: 21:34:37
Method: POST
URL: /login
User agent: Mozilla/5.0 (Windows NT 10.0; Win64; x64) AppleWebKit/537.36 (KHTML, like Gecko) Chrome/77.0.3865.120 Safari/537.36
-----------------------------------
-----------------------------------
Date: 2.10.2019
Time: 21:34:37
Method: POST
URL: /login
User agent: Mozilla/5.0 (Windows NT 10.0; Win64; x64) AppleWebKit/537.36 (KHTML, like Gecko) Chrome/77.0.3865.120 Safari/537.36
-----------------------------------
-----------------------------------
Date: 2.10.2019
Time: 21:34:44
Method: OPTIONS
URL: /login
User agent: Mozilla/5.0 (Windows NT 10.0; Win64; x64) AppleWebKit/537.36 (KHTML, like Gecko) Chrome/77.0.3865.120 Safari/537.36
-----------------------------------
-----------------------------------
Date: 2.10.2019
Time: 21:34:44
Method: POST
URL: /login
User agent: Mozilla/5.0 (Windows NT 10.0; Win64; x64) AppleWebKit/537.36 (KHTML, like Gecko) Chrome/77.0.3865.120 Safari/537.36
-----------------------------------
-----------------------------------
Date: 2.10.2019
Time: 21:34:51
Method: OPTIONS
URL: /login
User agent: Mozilla/5.0 (Windows NT 10.0; Win64; x64) AppleWebKit/537.36 (KHTML, like Gecko) Chrome/77.0.3865.120 Safari/537.36
-----------------------------------
-----------------------------------
Date: 2.10.2019
Time: 21:34:51
Method: POST
URL: /login
User agent: Mozilla/5.0 (Windows NT 10.0; Win64; x64) AppleWebKit/537.36 (KHTML, like Gecko) Chrome/77.0.3865.120 Safari/537.36
-----------------------------------
-----------------------------------
Date: 2.10.2019
Time: 21:37:12
Method: OPTIONS
URL: /login
User agent: Mozilla/5.0 (Windows NT 10.0; Win64; x64) AppleWebKit/537.36 (KHTML, like Gecko) Chrome/77.0.3865.120 Safari/537.36
-----------------------------------
-----------------------------------
Date: 2.10.2019
Time: 21:37:12
Method: POST
URL: /login
User agent: Mozilla/5.0 (Windows NT 10.0; Win64; x64) AppleWebKit/537.36 (KHTML, like Gecko) Chrome/77.0.3865.120 Safari/537.36
-----------------------------------
-----------------------------------
Date: 2.10.2019
Time: 21:37:25
Method: OPTIONS
URL: /login
User agent: Mozilla/5.0 (Windows NT 10.0; Win64; x64) AppleWebKit/537.36 (KHTML, like Gecko) Chrome/77.0.3865.120 Safari/537.36
-----------------------------------
-----------------------------------
Date: 2.10.2019
Time: 21:37:25
Method: POST
URL: /login
User agent: Mozilla/5.0 (Windows NT 10.0; Win64; x64) AppleWebKit/537.36 (KHTML, like Gecko) Chrome/77.0.3865.120 Safari/537.36
-----------------------------------
-----------------------------------
Date: 2.10.2019
Time: 21:37:29
Method: POST
URL: /login
User agent: Mozilla/5.0 (Windows NT 10.0; Win64; x64) AppleWebKit/537.36 (KHTML, like Gecko) Chrome/77.0.3865.120 Safari/537.36
-----------------------------------
-----------------------------------
Date: 2.10.2019
Time: 21:37:39
Method: OPTIONS
URL: /login
User agent: Mozilla/5.0 (Windows NT 10.0; Win64; x64) AppleWebKit/537.36 (KHTML, like Gecko) Chrome/77.0.3865.120 Safari/537.36
-----------------------------------
-----------------------------------
Date: 2.10.2019
Time: 21:37:39
Method: POST
URL: /login
User agent: Mozilla/5.0 (Windows NT 10.0; Win64; x64) AppleWebKit/537.36 (KHTML, like Gecko) Chrome/77.0.3865.120 Safari/537.36
-----------------------------------
-----------------------------------
Date: 2.10.2019
Time: 21:38:10
Method: OPTIONS
URL: /login
User agent: Mozilla/5.0 (Windows NT 10.0; Win64; x64) AppleWebKit/537.36 (KHTML, like Gecko) Chrome/77.0.3865.120 Safari/537.36
-----------------------------------
-----------------------------------
Date: 2.10.2019
Time: 21:38:10
Method: POST
URL: /login
User agent: Mozilla/5.0 (Windows NT 10.0; Win64; x64) AppleWebKit/537.36 (KHTML, like Gecko) Chrome/77.0.3865.120 Safari/537.36
-----------------------------------
